<?xml version="1.0" encoding="UTF-8"?>
<testng-results ignored="0" total="2" passed="2" failed="0" skipped="0">
  <reporter-output>
  </reporter-output>
  <suite started-at="2022-06-11T14:36:32 EEST" name="Command line suite" finished-at="2022-06-11T14:36:36 EEST" duration-ms="3839">
    <groups>
    </groups>
    <test started-at="2022-06-11T14:36:32 EEST" name="Command line test" finished-at="2022-06-11T14:36:36 EEST" duration-ms="3839">
      <class name="TestOne">
        <test-method signature="doit()[pri:0, instance:TestOne@2145433b]" started-at="2022-06-11T14:36:33 EEST" name="doit" finished-at="2022-06-11T14:36:36 EEST" duration-ms="3803" status="PASS">
          <reporter-output>
          </reporter-output>
        </test-method> <!-- doit -->
      </class> <!-- TestOne -->
      <class name="TestClassForJavaDemo">
        <test-method signature="doIt()[pri:0, instance:TestClassForJavaDemo@ca263c2]" started-at="2022-06-11T14:36:33 EEST" name="doIt" finished-at="2022-06-11T14:36:33 EEST" duration-ms="4" status="PASS">
          <reporter-output>
          </reporter-output>
        </test-method> <!-- doIt -->
      </class> <!-- TestClassForJavaDemo -->
    </test> <!-- Command line test -->
  </suite> <!-- Command line suite -->
</testng-results>
